<?xml version="1.0" encoding="UTF-8"?>
<testng-results ignored="0" total="2" passed="2" failed="0" skipped="0">
  <reporter-output>
  </reporter-output>
  <suite started-at="2021-07-13T16:47:11 IST" name="Default suite" finished-at="2021-07-13T16:47:17 IST" duration-ms="5571">
    <groups>
      <group name="Chrome">
        <method signature="ParallelTests.LaunchChrome()[pri:0, instance:ParallelTests@419c5f1a]" name="LaunchChrome" class="ParallelTests"/>
        <method signature="ParallelTests.TryFacebook1()[pri:0, instance:ParallelTests@419c5f1a]" name="TryFacebook1" class="ParallelTests"/>
      </group> <!-- Chrome -->
    </groups>
    <test started-at="2021-07-13T16:47:11 IST" name="Default test" finished-at="2021-07-13T16:47:17 IST" duration-ms="5571">
      <class name="ParallelTests">
        <test-method signature="LaunchChrome()[pri:0, instance:ParallelTests@419c5f1a]" started-at="2021-07-13T16:47:11 IST" name="LaunchChrome" finished-at="2021-07-13T16:47:17 IST" duration-ms="5279" status="PASS">
          <reporter-output>
          </reporter-output>
        </test-method> <!-- LaunchChrome -->
        <test-method signature="TryFacebook1()[pri:0, instance:ParallelTests@419c5f1a]" started-at="2021-07-13T16:47:17 IST" name="TryFacebook1" finished-at="2021-07-13T16:47:17 IST" depends-on-methods="ParallelTests.LaunchChrome" duration-ms="260" status="PASS">
          <reporter-output>
          </reporter-output>
        </test-method> <!-- TryFacebook1 -->
      </class> <!-- ParallelTests -->
    </test> <!-- Default test -->
  </suite> <!-- Default suite -->
</testng-results>
